2014-09-05 21:33:11 Debug: Strict (2048): Declaration of App\Controller\AppController::beforeFilter() should be compatible with Cake\Controller\Controller::beforeFilter(Cake\Event\Event $event) in [C:\wamp\www\mapster-api\src\Controller\AppController.php, line 28]
Trace:
Cake\Error\BaseErrorHandler::handleError() - ROOT\vendor\cakephp\cakephp\src\Error\BaseErrorHandler.php, line 135
include - APP/Controller\AppController.php, line 28
Composer\Autoload\includeFile - ROOT\vendor\composer\ClassLoader.php, line 382
Composer\Autoload\ClassLoader::loadClass() - ROOT\vendor\composer\ClassLoader.php, line 274
spl_autoload_call - [internal], line ??
include - APP/Controller\MapsterEntitiesController.php, line 11
Composer\Autoload\includeFile - ROOT\vendor\composer\ClassLoader.php, line 382
Composer\Autoload\ClassLoader::loadClass() - ROOT\vendor\composer\ClassLoader.php, line 274
spl_autoload_call - [internal], line ??
class_exists - [internal], line ??
Cake\Core\App::_classExistsInBase() - ROOT\vendor\cakephp\cakephp\src\Core\App.php, line 92
Cake\Core\App::className() - ROOT\vendor\cakephp\cakephp\src\Core\App.php, line 70
Cake\Routing\Filter\ControllerFactoryFilter::_getController() - ROOT\vendor\cakephp\cakephp\src\Routing\Filter\ControllerFactoryFilter.php, line 72
Cake\Routing\Filter\ControllerFactoryFilter::beforeDispatch() - ROOT\vendor\cakephp\cakephp\src\Routing\Filter\ControllerFactoryFilter.php, line 48
Cake\Routing\DispatcherFilter::handle() - ROOT\vendor\cakephp\cakephp\src\Routing\DispatcherFilter.php, line 141
Cake\Event\EventManager::_callListener() - ROOT\vendor\cakephp\cakephp\src\Event\EventManager.php, line 268
Cake\Event\EventManager::dispatch() - ROOT\vendor\cakephp\cakephp\src\Event\EventManager.php, line 235
Cake\Routing\Dispatcher::dispatch() - ROOT\vendor\cakephp\cakephp\src\Routing\Dispatcher.php, line 62
[main] - ROOT\webroot\index.php, line 37



2014-09-05 21:33:11 Debug: Notice (8): Undefined variable: settings in [C:\wamp\www\mapster-api\plugins\Crud\src\Controller\Component\CrudComponent.php, line 348]
Trace:
Cake\Error\BaseErrorHandler::handleError() - ROOT\vendor\cakephp\cakephp\src\Error\BaseErrorHandler.php, line 135
Crud\Controller\Component\CrudComponent::mapAction() - ROOT\plugins\Crud\src\Controller\Component\CrudComponent.php, line 348
App\Controller\AppController::beforeFilter() - APP/Controller\AppController.php, line 31
Cake\Event\EventManager::_callListener() - ROOT\vendor\cakephp\cakephp\src\Event\EventManager.php, line 264
Cake\Event\EventManager::dispatch() - ROOT\vendor\cakephp\cakephp\src\Event\EventManager.php, line 235
Cake\Controller\Controller::startupProcess() - ROOT\vendor\cakephp\cakephp\src\Controller\Controller.php, line 472
Cake\Routing\Dispatcher::_invoke() - ROOT\vendor\cakephp\cakephp\src\Routing\Dispatcher.php, line 110
Cake\Routing\Dispatcher::dispatch() - ROOT\vendor\cakephp\cakephp\src\Routing\Dispatcher.php, line 87
[main] - ROOT\webroot\index.php, line 37



2014-09-05 21:33:44 Debug: Strict (2048): Declaration of App\Controller\AppController::beforeFilter() should be compatible with Cake\Controller\Controller::beforeFilter(Cake\Event\Event $event) in [C:\wamp\www\mapster-api\src\Controller\AppController.php, line 28]
Trace:
Cake\Error\BaseErrorHandler::handleError() - ROOT\vendor\cakephp\cakephp\src\Error\BaseErrorHandler.php, line 135
include - APP/Controller\AppController.php, line 28
Composer\Autoload\includeFile - ROOT\vendor\composer\ClassLoader.php, line 382
Composer\Autoload\ClassLoader::loadClass() - ROOT\vendor\composer\ClassLoader.php, line 274
spl_autoload_call - [internal], line ??
include - APP/Controller\MapsterEntitiesController.php, line 11
Composer\Autoload\includeFile - ROOT\vendor\composer\ClassLoader.php, line 382
Composer\Autoload\ClassLoader::loadClass() - ROOT\vendor\composer\ClassLoader.php, line 274
spl_autoload_call - [internal], line ??
class_exists - [internal], line ??
Cake\Core\App::_classExistsInBase() - ROOT\vendor\cakephp\cakephp\src\Core\App.php, line 92
Cake\Core\App::className() - ROOT\vendor\cakephp\cakephp\src\Core\App.php, line 70
Cake\Routing\Filter\ControllerFactoryFilter::_getController() - ROOT\vendor\cakephp\cakephp\src\Routing\Filter\ControllerFactoryFilter.php, line 72
Cake\Routing\Filter\ControllerFactoryFilter::beforeDispatch() - ROOT\vendor\cakephp\cakephp\src\Routing\Filter\ControllerFactoryFilter.php, line 48
Cake\Routing\DispatcherFilter::handle() - ROOT\vendor\cakephp\cakephp\src\Routing\DispatcherFilter.php, line 141
Cake\Event\EventManager::_callListener() - ROOT\vendor\cakephp\cakephp\src\Event\EventManager.php, line 268
Cake\Event\EventManager::dispatch() - ROOT\vendor\cakephp\cakephp\src\Event\EventManager.php, line 235
Cake\Routing\Dispatcher::dispatch() - ROOT\vendor\cakephp\cakephp\src\Routing\Dispatcher.php, line 62
[main] - ROOT\webroot\index.php, line 37



2014-09-05 21:53:35 Debug: Notice (8): Array to string conversion in [C:\wamp\www\mapster-api\vendor\cakephp\cakephp\src\Utility\Inflector.php, line 446]
Trace:
Cake\Error\BaseErrorHandler::handleError() - ROOT\vendor\cakephp\cakephp\src\Error\BaseErrorHandler.php, line 135
Cake\Utility\Inflector::_cache() - ROOT\vendor\cakephp\cakephp\src\Utility\Inflector.php, line 446
Cake\Utility\Inflector::underscore() - ROOT\vendor\cakephp\cakephp\src\Utility\Inflector.php, line 654
Cake\Routing\RouteBuilder::resources() - ROOT\vendor\cakephp\cakephp\src\Routing\RouteBuilder.php, line 212
Cake\Routing\Router::{closure}() - ROOT\config\routes.php, line 39
Cake\Routing\RouteBuilder::scope() - ROOT\vendor\cakephp\cakephp\src\Routing\RouteBuilder.php, line 502
Cake\Routing\Router::scope() - ROOT\vendor\cakephp\cakephp\src\Routing\Router.php, line 826
include - ROOT\config\routes.php, line 53
Cake\Routing\Router::_loadRoutes() - ROOT\vendor\cakephp\cakephp\src\Routing\Router.php, line 899
Cake\Routing\Router::parse() - ROOT\vendor\cakephp\cakephp\src\Routing\Router.php, line 290
Cake\Routing\Filter\RoutingFilter::beforeDispatch() - ROOT\vendor\cakephp\cakephp\src\Routing\Filter\RoutingFilter.php, line 51
Cake\Routing\DispatcherFilter::handle() - ROOT\vendor\cakephp\cakephp\src\Routing\DispatcherFilter.php, line 141
Cake\Event\EventManager::_callListener() - ROOT\vendor\cakephp\cakephp\src\Event\EventManager.php, line 268
Cake\Event\EventManager::dispatch() - ROOT\vendor\cakephp\cakephp\src\Event\EventManager.php, line 235
Cake\Routing\Dispatcher::dispatch() - ROOT\vendor\cakephp\cakephp\src\Routing\Dispatcher.php, line 62
[main] - ROOT\webroot\index.php, line 37



2014-09-05 21:53:35 Debug: Notice (8): Array to string conversion in [C:\wamp\www\mapster-api\vendor\cakephp\cakephp\src\Utility\Inflector.php, line 446]
Trace:
Cake\Error\BaseErrorHandler::handleError() - ROOT\vendor\cakephp\cakephp\src\Error\BaseErrorHandler.php, line 135
Cake\Utility\Inflector::_cache() - ROOT\vendor\cakephp\cakephp\src\Utility\Inflector.php, line 446
Cake\Utility\Inflector::underscore() - ROOT\vendor\cakephp\cakephp\src\Utility\Inflector.php, line 656
Cake\Routing\RouteBuilder::resources() - ROOT\vendor\cakephp\cakephp\src\Routing\RouteBuilder.php, line 212
Cake\Routing\Router::{closure}() - ROOT\config\routes.php, line 39
Cake\Routing\RouteBuilder::scope() - ROOT\vendor\cakephp\cakephp\src\Routing\RouteBuilder.php, line 502
Cake\Routing\Router::scope() - ROOT\vendor\cakephp\cakephp\src\Routing\Router.php, line 826
include - ROOT\config\routes.php, line 53
Cake\Routing\Router::_loadRoutes() - ROOT\vendor\cakephp\cakephp\src\Routing\Router.php, line 899
Cake\Routing\Router::parse() - ROOT\vendor\cakephp\cakephp\src\Routing\Router.php, line 290
Cake\Routing\Filter\RoutingFilter::beforeDispatch() - ROOT\vendor\cakephp\cakephp\src\Routing\Filter\RoutingFilter.php, line 51
Cake\Routing\DispatcherFilter::handle() - ROOT\vendor\cakephp\cakephp\src\Routing\DispatcherFilter.php, line 141
Cake\Event\EventManager::_callListener() - ROOT\vendor\cakephp\cakephp\src\Event\EventManager.php, line 268
Cake\Event\EventManager::dispatch() - ROOT\vendor\cakephp\cakephp\src\Event\EventManager.php, line 235
Cake\Routing\Dispatcher::dispatch() - ROOT\vendor\cakephp\cakephp\src\Routing\Dispatcher.php, line 62
[main] - ROOT\webroot\index.php, line 37



2014-09-05 21:53:35 Debug: Notice (8): Array to string conversion in [C:\wamp\www\mapster-api\vendor\cakephp\cakephp\src\Routing\Route\Route.php, line 241]
Trace:
Cake\Error\BaseErrorHandler::handleError() - ROOT\vendor\cakephp\cakephp\src\Error\BaseErrorHandler.php, line 135
Cake\Routing\Route\Route::getName() - ROOT\vendor\cakephp\cakephp\src\Routing\Route\Route.php, line 241
Cake\Routing\RouteCollection::add() - ROOT\vendor\cakephp\cakephp\src\Routing\RouteCollection.php, line 86
Cake\Routing\RouteBuilder::connect() - ROOT\vendor\cakephp\cakephp\src\Routing\RouteBuilder.php, line 325
Cake\Routing\RouteBuilder::resources() - ROOT\vendor\cakephp\cakephp\src\Routing\RouteBuilder.php, line 240
Cake\Routing\Router::{closure}() - ROOT\config\routes.php, line 39
Cake\Routing\RouteBuilder::scope() - ROOT\vendor\cakephp\cakephp\src\Routing\RouteBuilder.php, line 502
Cake\Routing\Router::scope() - ROOT\vendor\cakephp\cakephp\src\Routing\Router.php, line 826
include - ROOT\config\routes.php, line 53
Cake\Routing\Router::_loadRoutes() - ROOT\vendor\cakephp\cakephp\src\Routing\Router.php, line 899
Cake\Routing\Router::parse() - ROOT\vendor\cakephp\cakephp\src\Routing\Router.php, line 290
Cake\Routing\Filter\RoutingFilter::beforeDispatch() - ROOT\vendor\cakephp\cakephp\src\Routing\Filter\RoutingFilter.php, line 51
Cake\Routing\DispatcherFilter::handle() - ROOT\vendor\cakephp\cakephp\src\Routing\DispatcherFilter.php, line 141
Cake\Event\EventManager::_callListener() - ROOT\vendor\cakephp\cakephp\src\Event\EventManager.php, line 268
Cake\Event\EventManager::dispatch() - ROOT\vendor\cakephp\cakephp\src\Event\EventManager.php, line 235
Cake\Routing\Dispatcher::dispatch() - ROOT\vendor\cakephp\cakephp\src\Routing\Dispatcher.php, line 62
[main] - ROOT\webroot\index.php, line 37



2014-09-05 21:53:35 Debug: Notice (8): Array to string conversion in [C:\wamp\www\mapster-api\vendor\cakephp\cakephp\src\Routing\Route\Route.php, line 241]
Trace:
Cake\Error\BaseErrorHandler::handleError() - ROOT\vendor\cakephp\cakephp\src\Error\BaseErrorHandler.php, line 135
Cake\Routing\Route\Route::getName() - ROOT\vendor\cakephp\cakephp\src\Routing\Route\Route.php, line 241
Cake\Routing\RouteCollection::add() - ROOT\vendor\cakephp\cakephp\src\Routing\RouteCollection.php, line 86
Cake\Routing\RouteBuilder::connect() - ROOT\vendor\cakephp\cakephp\src\Routing\RouteBuilder.php, line 325
Cake\Routing\RouteBuilder::resources() - ROOT\vendor\cakephp\cakephp\src\Routing\RouteBuilder.php, line 240
Cake\Routing\Router::{closure}() - ROOT\config\routes.php, line 39
Cake\Routing\RouteBuilder::scope() - ROOT\vendor\cakephp\cakephp\src\Routing\RouteBuilder.php, line 502
Cake\Routing\Router::scope() - ROOT\vendor\cakephp\cakephp\src\Routing\Router.php, line 826
include - ROOT\config\routes.php, line 53
Cake\Routing\Router::_loadRoutes() - ROOT\vendor\cakephp\cakephp\src\Routing\Router.php, line 899
Cake\Routing\Router::parse() - ROOT\vendor\cakephp\cakephp\src\Routing\Router.php, line 290
Cake\Routing\Filter\RoutingFilter::beforeDispatch() - ROOT\vendor\cakephp\cakephp\src\Routing\Filter\RoutingFilter.php, line 51
Cake\Routing\DispatcherFilter::handle() - ROOT\vendor\cakephp\cakephp\src\Routing\DispatcherFilter.php, line 141
Cake\Event\EventManager::_callListener() - ROOT\vendor\cakephp\cakephp\src\Event\EventManager.php, line 268
Cake\Event\EventManager::dispatch() - ROOT\vendor\cakephp\cakephp\src\Event\EventManager.php, line 235
Cake\Routing\Dispatcher::dispatch() - ROOT\vendor\cakephp\cakephp\src\Routing\Dispatcher.php, line 62
[main] - ROOT\webroot\index.php, line 37



2014-09-05 21:53:35 Debug: Notice (8): Array to string conversion in [C:\wamp\www\mapster-api\vendor\cakephp\cakephp\src\Routing\Route\Route.php, line 241]
Trace:
Cake\Error\BaseErrorHandler::handleError() - ROOT\vendor\cakephp\cakephp\src\Error\BaseErrorHandler.php, line 135
Cake\Routing\Route\Route::getName() - ROOT\vendor\cakephp\cakephp\src\Routing\Route\Route.php, line 241
Cake\Routing\RouteCollection::add() - ROOT\vendor\cakephp\cakephp\src\Routing\RouteCollection.php, line 86
Cake\Routing\RouteBuilder::connect() - ROOT\vendor\cakephp\cakephp\src\Routing\RouteBuilder.php, line 325
Cake\Routing\RouteBuilder::resources() - ROOT\vendor\cakephp\cakephp\src\Routing\RouteBuilder.php, line 240
Cake\Routing\Router::{closure}() - ROOT\config\routes.php, line 39
Cake\Routing\RouteBuilder::scope() - ROOT\vendor\cakephp\cakephp\src\Routing\RouteBuilder.php, line 502
Cake\Routing\Router::scope() - ROOT\vendor\cakephp\cakephp\src\Routing\Router.php, line 826
include - ROOT\config\routes.php, line 53
Cake\Routing\Router::_loadRoutes() - ROOT\vendor\cakephp\cakephp\src\Routing\Router.php, line 899
Cake\Routing\Router::parse() - ROOT\vendor\cakephp\cakephp\src\Routing\Router.php, line 290
Cake\Routing\Filter\RoutingFilter::beforeDispatch() - ROOT\vendor\cakephp\cakephp\src\Routing\Filter\RoutingFilter.php, line 51
Cake\Routing\DispatcherFilter::handle() - ROOT\vendor\cakephp\cakephp\src\Routing\DispatcherFilter.php, line 141
Cake\Event\EventManager::_callListener() - ROOT\vendor\cakephp\cakephp\src\Event\EventManager.php, line 268
Cake\Event\EventManager::dispatch() - ROOT\vendor\cakephp\cakephp\src\Event\EventManager.php, line 235
Cake\Routing\Dispatcher::dispatch() - ROOT\vendor\cakephp\cakephp\src\Routing\Dispatcher.php, line 62
[main] - ROOT\webroot\index.php, line 37



2014-09-05 21:53:35 Debug: Notice (8): Array to string conversion in [C:\wamp\www\mapster-api\vendor\cakephp\cakephp\src\Routing\Route\Route.php, line 241]
Trace:
Cake\Error\BaseErrorHandler::handleError() - ROOT\vendor\cakephp\cakephp\src\Error\BaseErrorHandler.php, line 135
Cake\Routing\Route\Route::getName() - ROOT\vendor\cakephp\cakephp\src\Routing\Route\Route.php, line 241
Cake\Routing\RouteCollection::add() - ROOT\vendor\cakephp\cakephp\src\Routing\RouteCollection.php, line 86
Cake\Routing\RouteBuilder::connect() - ROOT\vendor\cakephp\cakephp\src\Routing\RouteBuilder.php, line 325
Cake\Routing\RouteBuilder::resources() - ROOT\vendor\cakephp\cakephp\src\Routing\RouteBuilder.php, line 240
Cake\Routing\Router::{closure}() - ROOT\config\routes.php, line 39
Cake\Routing\RouteBuilder::scope() - ROOT\vendor\cakephp\cakephp\src\Routing\RouteBuilder.php, line 502
Cake\Routing\Router::scope() - ROOT\vendor\cakephp\cakephp\src\Routing\Router.php, line 826
include - ROOT\config\routes.php, line 53
Cake\Routing\Router::_loadRoutes() - ROOT\vendor\cakephp\cakephp\src\Routing\Router.php, line 899
Cake\Routing\Router::parse() - ROOT\vendor\cakephp\cakephp\src\Routing\Router.php, line 290
Cake\Routing\Filter\RoutingFilter::beforeDispatch() - ROOT\vendor\cakephp\cakephp\src\Routing\Filter\RoutingFilter.php, line 51
Cake\Routing\DispatcherFilter::handle() - ROOT\vendor\cakephp\cakephp\src\Routing\DispatcherFilter.php, line 141
Cake\Event\EventManager::_callListener() - ROOT\vendor\cakephp\cakephp\src\Event\EventManager.php, line 268
Cake\Event\EventManager::dispatch() - ROOT\vendor\cakephp\cakephp\src\Event\EventManager.php, line 235
Cake\Routing\Dispatcher::dispatch() - ROOT\vendor\cakephp\cakephp\src\Routing\Dispatcher.php, line 62
[main] - ROOT\webroot\index.php, line 37



2014-09-05 21:53:35 Debug: Notice (8): Array to string conversion in [C:\wamp\www\mapster-api\vendor\cakephp\cakephp\src\Routing\Route\Route.php, line 241]
Trace:
Cake\Error\BaseErrorHandler::handleError() - ROOT\vendor\cakephp\cakephp\src\Error\BaseErrorHandler.php, line 135
Cake\Routing\Route\Route::getName() - ROOT\vendor\cakephp\cakephp\src\Routing\Route\Route.php, line 241
Cake\Routing\RouteCollection::add() - ROOT\vendor\cakephp\cakephp\src\Routing\RouteCollection.php, line 86
Cake\Routing\RouteBuilder::connect() - ROOT\vendor\cakephp\cakephp\src\Routing\RouteBuilder.php, line 325
Cake\Routing\RouteBuilder::resources() - ROOT\vendor\cakephp\cakephp\src\Routing\RouteBuilder.php, line 240
Cake\Routing\Router::{closure}() - ROOT\config\routes.php, line 39
Cake\Routing\RouteBuilder::scope() - ROOT\vendor\cakephp\cakephp\src\Routing\RouteBuilder.php, line 502
Cake\Routing\Router::scope() - ROOT\vendor\cakephp\cakephp\src\Routing\Router.php, line 826
include - ROOT\config\routes.php, line 53
Cake\Routing\Router::_loadRoutes() - ROOT\vendor\cakephp\cakephp\src\Routing\Router.php, line 899
Cake\Routing\Router::parse() - ROOT\vendor\cakephp\cakephp\src\Routing\Router.php, line 290
Cake\Routing\Filter\RoutingFilter::beforeDispatch() - ROOT\vendor\cakephp\cakephp\src\Routing\Filter\RoutingFilter.php, line 51
Cake\Routing\DispatcherFilter::handle() - ROOT\vendor\cakephp\cakephp\src\Routing\DispatcherFilter.php, line 141
Cake\Event\EventManager::_callListener() - ROOT\vendor\cakephp\cakephp\src\Event\EventManager.php, line 268
Cake\Event\EventManager::dispatch() - ROOT\vendor\cakephp\cakephp\src\Event\EventManager.php, line 235
Cake\Routing\Dispatcher::dispatch() - ROOT\vendor\cakephp\cakephp\src\Routing\Dispatcher.php, line 62
[main] - ROOT\webroot\index.php, line 37



2014-09-05 23:07:55 Debug: Notice (8): Undefined variable: name in [C:\wamp\www\mapster-api\vendor\cakephp\cakephp\src\ORM\Table.php, line 490]
Trace:
Cake\Error\BaseErrorHandler::handleError() - ROOT\vendor\cakephp\cakephp\src\Error\BaseErrorHandler.php, line 135
Cake\ORM\Table::addBehavior() - ROOT\vendor\cakephp\cakephp\src\ORM\Table.php, line 490
App\Controller\AppController::setModelContainable() - APP/Controller\AppController.php, line 111
App\Controller\AppController::index() - APP/Controller\AppController.php, line 33
ReflectionMethod::invokeArgs() - [internal], line ??
Cake\Controller\Controller::invokeAction() - ROOT\vendor\cakephp\cakephp\src\Controller\Controller.php, line 372
Cake\Routing\Dispatcher::_invoke() - ROOT\vendor\cakephp\cakephp\src\Routing\Dispatcher.php, line 115
Cake\Routing\Dispatcher::dispatch() - ROOT\vendor\cakephp\cakephp\src\Routing\Dispatcher.php, line 87
[main] - ROOT\webroot\index.php, line 37



2014-09-05 23:12:59 Debug: Notice (8): Array to string conversion in [C:\wamp\www\mapster-api\vendor\cakephp\cakephp\src\Database\Expression\OrderByExpression.php, line 52]
Trace:
Cake\Error\BaseErrorHandler::handleError() - ROOT\vendor\cakephp\cakephp\src\Error\BaseErrorHandler.php, line 135
implode - [internal], line ??
Cake\Database\Expression\OrderByExpression::sql() - ROOT\vendor\cakephp\cakephp\src\Database\Expression\OrderByExpression.php, line 52
Cake\Database\QueryCompiler::Cake\Database\{closure}() - ROOT\vendor\cakephp\cakephp\src\Database\QueryCompiler.php, line 110
Cake\Database\Query::traverse() - ROOT\vendor\cakephp\cakephp\src\Database\Query.php, line 217
Cake\Database\QueryCompiler::compile() - ROOT\vendor\cakephp\cakephp\src\Database\QueryCompiler.php, line 91
Cake\Database\Driver::compileQuery() - ROOT\vendor\cakephp\cakephp\src\Database\Driver.php, line 261
Cake\Database\Connection::run() - ROOT\vendor\cakephp\cakephp\src\Database\Connection.php, line 249
Cake\Database\Query::execute() - ROOT\vendor\cakephp\cakephp\src\Database\Query.php, line 162
Cake\ORM\Query::execute() - ROOT\vendor\cakephp\cakephp\src\ORM\Query.php, line 579
Cake\ORM\Query::_execute() - ROOT\vendor\cakephp\cakephp\src\ORM\Query.php, line 590
Cake\ORM\Query::_all() - ROOT\vendor\cakephp\cakephp\src\Datasource\QueryTrait.php, line 220
Cake\ORM\Query::all() - ROOT\vendor\cakephp\cakephp\src\ORM\Query.php, line 563
Cake\Controller\Component\PaginatorComponent::paginate() - ROOT\vendor\cakephp\cakephp\src\Controller\Component\PaginatorComponent.php, line 167
App\Controller\AppController::index() - APP/Controller\AppController.php, line 37
ReflectionMethod::invokeArgs() - [internal], line ??
Cake\Controller\Controller::invokeAction() - ROOT\vendor\cakephp\cakephp\src\Controller\Controller.php, line 372
Cake\Routing\Dispatcher::_invoke() - ROOT\vendor\cakephp\cakephp\src\Routing\Dispatcher.php, line 115
Cake\Routing\Dispatcher::dispatch() - ROOT\vendor\cakephp\cakephp\src\Routing\Dispatcher.php, line 87
[main] - ROOT\webroot\index.php, line 37



2014-09-05 23:30:21 Debug: Notice (8): Undefined index: contain in [C:\wamp\www\mapster-api\src\Controller\AppController.php, line 35]
Trace:
Cake\Error\BaseErrorHandler::handleError() - ROOT\vendor\cakephp\cakephp\src\Error\BaseErrorHandler.php, line 135
App\Controller\AppController::index() - APP/Controller\AppController.php, line 35
ReflectionMethod::invokeArgs() - [internal], line ??
Cake\Controller\Controller::invokeAction() - ROOT\vendor\cakephp\cakephp\src\Controller\Controller.php, line 372
Cake\Routing\Dispatcher::_invoke() - ROOT\vendor\cakephp\cakephp\src\Routing\Dispatcher.php, line 115
Cake\Routing\Dispatcher::dispatch() - ROOT\vendor\cakephp\cakephp\src\Routing\Dispatcher.php, line 87
[main] - ROOT\webroot\index.php, line 37



2014-09-05 23:30:25 Debug: Notice (8): Undefined index: contain in [C:\wamp\www\mapster-api\src\Controller\AppController.php, line 35]
Trace:
Cake\Error\BaseErrorHandler::handleError() - ROOT\vendor\cakephp\cakephp\src\Error\BaseErrorHandler.php, line 135
App\Controller\AppController::index() - APP/Controller\AppController.php, line 35
ReflectionMethod::invokeArgs() - [internal], line ??
Cake\Controller\Controller::invokeAction() - ROOT\vendor\cakephp\cakephp\src\Controller\Controller.php, line 372
Cake\Routing\Dispatcher::_invoke() - ROOT\vendor\cakephp\cakephp\src\Routing\Dispatcher.php, line 115
Cake\Routing\Dispatcher::dispatch() - ROOT\vendor\cakephp\cakephp\src\Routing\Dispatcher.php, line 87
[main] - ROOT\webroot\index.php, line 37



2014-09-05 23:30:31 Debug: Notice (8): Undefined index: contain in [C:\wamp\www\mapster-api\src\Controller\AppController.php, line 35]
Trace:
Cake\Error\BaseErrorHandler::handleError() - ROOT\vendor\cakephp\cakephp\src\Error\BaseErrorHandler.php, line 135
App\Controller\AppController::index() - APP/Controller\AppController.php, line 35
ReflectionMethod::invokeArgs() - [internal], line ??
Cake\Controller\Controller::invokeAction() - ROOT\vendor\cakephp\cakephp\src\Controller\Controller.php, line 372
Cake\Routing\Dispatcher::_invoke() - ROOT\vendor\cakephp\cakephp\src\Routing\Dispatcher.php, line 115
Cake\Routing\Dispatcher::dispatch() - ROOT\vendor\cakephp\cakephp\src\Routing\Dispatcher.php, line 87
[main] - ROOT\webroot\index.php, line 37



2014-09-06 05:12:28 Debug: Notice (8): Undefined variable: id in [C:\wamp\www\mapster-api\src\Controller\AppController.php, line 55]
Trace:
Cake\Error\BaseErrorHandler::handleError() - ROOT\vendor\cakephp\cakephp\src\Error\BaseErrorHandler.php, line 135
App\Controller\AppController::add() - APP/Controller\AppController.php, line 55
ReflectionMethod::invokeArgs() - [internal], line ??
Cake\Controller\Controller::invokeAction() - ROOT\vendor\cakephp\cakephp\src\Controller\Controller.php, line 372
Cake\Routing\Dispatcher::_invoke() - ROOT\vendor\cakephp\cakephp\src\Routing\Dispatcher.php, line 115
Cake\Routing\Dispatcher::dispatch() - ROOT\vendor\cakephp\cakephp\src\Routing\Dispatcher.php, line 87
[main] - ROOT\webroot\index.php, line 37



2014-09-06 05:12:40 Debug: Notice (8): Undefined variable: id in [C:\wamp\www\mapster-api\src\Controller\AppController.php, line 55]
Trace:
Cake\Error\BaseErrorHandler::handleError() - ROOT\vendor\cakephp\cakephp\src\Error\BaseErrorHandler.php, line 135
App\Controller\AppController::add() - APP/Controller\AppController.php, line 55
ReflectionMethod::invokeArgs() - [internal], line ??
Cake\Controller\Controller::invokeAction() - ROOT\vendor\cakephp\cakephp\src\Controller\Controller.php, line 372
Cake\Routing\Dispatcher::_invoke() - ROOT\vendor\cakephp\cakephp\src\Routing\Dispatcher.php, line 115
Cake\Routing\Dispatcher::dispatch() - ROOT\vendor\cakephp\cakephp\src\Routing\Dispatcher.php, line 87
[main] - ROOT\webroot\index.php, line 37



2014-09-06 05:15:40 Debug: Notice (8): Undefined variable: id in [C:\wamp\www\mapster-api\src\Controller\AppController.php, line 56]
Trace:
Cake\Error\BaseErrorHandler::handleError() - ROOT\vendor\cakephp\cakephp\src\Error\BaseErrorHandler.php, line 135
App\Controller\AppController::add() - APP/Controller\AppController.php, line 56
ReflectionMethod::invokeArgs() - [internal], line ??
Cake\Controller\Controller::invokeAction() - ROOT\vendor\cakephp\cakephp\src\Controller\Controller.php, line 372
Cake\Routing\Dispatcher::_invoke() - ROOT\vendor\cakephp\cakephp\src\Routing\Dispatcher.php, line 115
Cake\Routing\Dispatcher::dispatch() - ROOT\vendor\cakephp\cakephp\src\Routing\Dispatcher.php, line 87
[main] - ROOT\webroot\index.php, line 37



2014-09-06 07:27:35 Debug: Notice (8): Undefined variable: id in [C:\wamp\www\mapster-api\src\Controller\AppController.php, line 56]
Trace:
Cake\Error\BaseErrorHandler::handleError() - ROOT\vendor\cakephp\cakephp\src\Error\BaseErrorHandler.php, line 135
App\Controller\AppController::add() - APP/Controller\AppController.php, line 56
ReflectionMethod::invokeArgs() - [internal], line ??
Cake\Controller\Controller::invokeAction() - ROOT\vendor\cakephp\cakephp\src\Controller\Controller.php, line 372
Cake\Routing\Dispatcher::_invoke() - ROOT\vendor\cakephp\cakephp\src\Routing\Dispatcher.php, line 115
Cake\Routing\Dispatcher::dispatch() - ROOT\vendor\cakephp\cakephp\src\Routing\Dispatcher.php, line 87
[main] - ROOT\webroot\index.php, line 37



2014-09-06 07:36:34 Debug: Notice (8): Undefined variable: matches in [C:\wamp\www\mapster-api\src\Controller\AppController.php, line 151]
Trace:
Cake\Error\BaseErrorHandler::handleError() - ROOT\vendor\cakephp\cakephp\src\Error\BaseErrorHandler.php, line 135
App\Controller\AppController::parseData() - APP/Controller\AppController.php, line 151
App\Controller\AppController::add() - APP/Controller\AppController.php, line 51
ReflectionMethod::invokeArgs() - [internal], line ??
Cake\Controller\Controller::invokeAction() - ROOT\vendor\cakephp\cakephp\src\Controller\Controller.php, line 372
Cake\Routing\Dispatcher::_invoke() - ROOT\vendor\cakephp\cakephp\src\Routing\Dispatcher.php, line 115
Cake\Routing\Dispatcher::dispatch() - ROOT\vendor\cakephp\cakephp\src\Routing\Dispatcher.php, line 87
[main] - ROOT\webroot\index.php, line 37



2014-09-06 07:36:34 Debug: Notice (8): Undefined variable: matches in [C:\wamp\www\mapster-api\src\Controller\AppController.php, line 152]
Trace:
Cake\Error\BaseErrorHandler::handleError() - ROOT\vendor\cakephp\cakephp\src\Error\BaseErrorHandler.php, line 135
App\Controller\AppController::parseData() - APP/Controller\AppController.php, line 152
App\Controller\AppController::add() - APP/Controller\AppController.php, line 51
ReflectionMethod::invokeArgs() - [internal], line ??
Cake\Controller\Controller::invokeAction() - ROOT\vendor\cakephp\cakephp\src\Controller\Controller.php, line 372
Cake\Routing\Dispatcher::_invoke() - ROOT\vendor\cakephp\cakephp\src\Routing\Dispatcher.php, line 115
Cake\Routing\Dispatcher::dispatch() - ROOT\vendor\cakephp\cakephp\src\Routing\Dispatcher.php, line 87
[main] - ROOT\webroot\index.php, line 37



2014-09-06 07:39:34 Debug: Notice (8): Undefined variable: base64string in [C:\wamp\www\mapster-api\src\Controller\AppController.php, line 153]
Trace:
Cake\Error\BaseErrorHandler::handleError() - ROOT\vendor\cakephp\cakephp\src\Error\BaseErrorHandler.php, line 135
App\Controller\AppController::parseData() - APP/Controller\AppController.php, line 153
App\Controller\AppController::add() - APP/Controller\AppController.php, line 51
ReflectionMethod::invokeArgs() - [internal], line ??
Cake\Controller\Controller::invokeAction() - ROOT\vendor\cakephp\cakephp\src\Controller\Controller.php, line 372
Cake\Routing\Dispatcher::_invoke() - ROOT\vendor\cakephp\cakephp\src\Routing\Dispatcher.php, line 115
Cake\Routing\Dispatcher::dispatch() - ROOT\vendor\cakephp\cakephp\src\Routing\Dispatcher.php, line 87
[main] - ROOT\webroot\index.php, line 37



2014-09-06 07:41:27 Debug: Notice (8): Undefined variable: base64string in [C:\wamp\www\mapster-api\src\Controller\AppController.php, line 159]
Trace:
Cake\Error\BaseErrorHandler::handleError() - ROOT\vendor\cakephp\cakephp\src\Error\BaseErrorHandler.php, line 135
App\Controller\AppController::parseData() - APP/Controller\AppController.php, line 159
App\Controller\AppController::add() - APP/Controller\AppController.php, line 51
ReflectionMethod::invokeArgs() - [internal], line ??
Cake\Controller\Controller::invokeAction() - ROOT\vendor\cakephp\cakephp\src\Controller\Controller.php, line 372
Cake\Routing\Dispatcher::_invoke() - ROOT\vendor\cakephp\cakephp\src\Routing\Dispatcher.php, line 115
Cake\Routing\Dispatcher::dispatch() - ROOT\vendor\cakephp\cakephp\src\Routing\Dispatcher.php, line 87
[main] - ROOT\webroot\index.php, line 37



2014-09-06 22:11:48 Debug: Notice (8): Undefined property: Cake\ORM\AssociationCollection::$keys in [C:\wamp\www\mapster-api\src\Controller\AppController.php, line 60]
Trace:
Cake\Error\BaseErrorHandler::handleError() - ROOT\vendor\cakephp\cakephp\src\Error\BaseErrorHandler.php, line 135
App\Controller\AppController::edit() - APP/Controller\AppController.php, line 60
ReflectionMethod::invokeArgs() - [internal], line ??
Cake\Controller\Controller::invokeAction() - ROOT\vendor\cakephp\cakephp\src\Controller\Controller.php, line 372
Cake\Routing\Dispatcher::_invoke() - ROOT\vendor\cakephp\cakephp\src\Routing\Dispatcher.php, line 115
Cake\Routing\Dispatcher::dispatch() - ROOT\vendor\cakephp\cakephp\src\Routing\Dispatcher.php, line 87
[main] - ROOT\webroot\index.php, line 37



2014-09-06 22:18:45 Debug: Notice (8): Undefined variable: entity in [C:\wamp\www\mapster-api\src\Controller\AppController.php, line 143]
Trace:
Cake\Error\BaseErrorHandler::handleError() - ROOT\vendor\cakephp\cakephp\src\Error\BaseErrorHandler.php, line 135
App\Controller\AppController::saveVersion() - APP/Controller\AppController.php, line 143
App\Controller\AppController::edit() - APP/Controller\AppController.php, line 61
ReflectionMethod::invokeArgs() - [internal], line ??
Cake\Controller\Controller::invokeAction() - ROOT\vendor\cakephp\cakephp\src\Controller\Controller.php, line 372
Cake\Routing\Dispatcher::_invoke() - ROOT\vendor\cakephp\cakephp\src\Routing\Dispatcher.php, line 115
Cake\Routing\Dispatcher::dispatch() - ROOT\vendor\cakephp\cakephp\src\Routing\Dispatcher.php, line 87
[main] - ROOT\webroot\index.php, line 37



2014-09-06 22:21:51 Debug: Notice (8): Undefined index: Universes in [C:\wamp\www\mapster-api\src\Controller\AppController.php, line 185]
Trace:
Cake\Error\BaseErrorHandler::handleError() - ROOT\vendor\cakephp\cakephp\src\Error\BaseErrorHandler.php, line 135
App\Controller\AppController::parseData() - APP/Controller\AppController.php, line 185
App\Controller\AppController::saveVersion() - APP/Controller\AppController.php, line 142
App\Controller\AppController::edit() - APP/Controller\AppController.php, line 61
ReflectionMethod::invokeArgs() - [internal], line ??
Cake\Controller\Controller::invokeAction() - ROOT\vendor\cakephp\cakephp\src\Controller\Controller.php, line 372
Cake\Routing\Dispatcher::_invoke() - ROOT\vendor\cakephp\cakephp\src\Routing\Dispatcher.php, line 115
Cake\Routing\Dispatcher::dispatch() - ROOT\vendor\cakephp\cakephp\src\Routing\Dispatcher.php, line 87
[main] - ROOT\webroot\index.php, line 37



2014-09-06 22:26:13 Debug: Notice (8): Undefined index: Universe in [C:\wamp\www\mapster-api\src\Controller\AppController.php, line 189]
Trace:
Cake\Error\BaseErrorHandler::handleError() - ROOT\vendor\cakephp\cakephp\src\Error\BaseErrorHandler.php, line 135
App\Controller\AppController::parseData() - APP/Controller\AppController.php, line 189
App\Controller\AppController::saveVersion() - APP/Controller\AppController.php, line 147
App\Controller\AppController::edit() - APP/Controller\AppController.php, line 62
ReflectionMethod::invokeArgs() - [internal], line ??
Cake\Controller\Controller::invokeAction() - ROOT\vendor\cakephp\cakephp\src\Controller\Controller.php, line 372
Cake\Routing\Dispatcher::_invoke() - ROOT\vendor\cakephp\cakephp\src\Routing\Dispatcher.php, line 115
Cake\Routing\Dispatcher::dispatch() - ROOT\vendor\cakephp\cakephp\src\Routing\Dispatcher.php, line 87
[main] - ROOT\webroot\index.php, line 37



2014-09-06 22:28:42 Debug: Notice (8): Undefined index: id in [C:\wamp\www\mapster-api\src\Controller\AppController.php, line 148]
Trace:
Cake\Error\BaseErrorHandler::handleError() - ROOT\vendor\cakephp\cakephp\src\Error\BaseErrorHandler.php, line 135
App\Controller\AppController::saveVersion() - APP/Controller\AppController.php, line 148
App\Controller\AppController::edit() - APP/Controller\AppController.php, line 62
ReflectionMethod::invokeArgs() - [internal], line ??
Cake\Controller\Controller::invokeAction() - ROOT\vendor\cakephp\cakephp\src\Controller\Controller.php, line 372
Cake\Routing\Dispatcher::_invoke() - ROOT\vendor\cakephp\cakephp\src\Routing\Dispatcher.php, line 115
Cake\Routing\Dispatcher::dispatch() - ROOT\vendor\cakephp\cakephp\src\Routing\Dispatcher.php, line 87
[main] - ROOT\webroot\index.php, line 37



