2015-05-05 05:48:54 Warning: DebugKit not enabled. You need to either install pdo_sqlite, or define the "debug_kit" connection name.
2015-05-05 05:48:54 Error: [Cake\Controller\Exception\MissingActionException] Action MapsController::1() could not be found, or is not accessible.
Exception Attributes: array (
  'controller' => 'MapsController',
  'action' => '1',
  'prefix' => '',
  'plugin' => NULL,
)
Request URL: /mapster-api/maps/1
Stack Trace:
#0 /var/www/html/mapster-api/src/Controller/AppController.php(21): Cake\Controller\Controller->invokeAction()
#1 /var/www/html/mapster-api/vendor/cakephp/cakephp/src/Routing/Dispatcher.php(114): App\Controller\AppController->invokeAction()
#2 /var/www/html/mapster-api/vendor/cakephp/cakephp/src/Routing/Dispatcher.php(87): Cake\Routing\Dispatcher->_invoke(Object(App\Controller\MapsController))
#3 /var/www/html/mapster-api/webroot/index.php(37): Cake\Routing\Dispatcher->dispatch(Object(Cake\Network\Request), Object(Cake\Network\Response))
#4 {main}


2015-05-05 05:49:28 Warning: DebugKit not enabled. You need to either install pdo_sqlite, or define the "debug_kit" connection name.
2015-05-05 05:49:28 Error: [PDOException] SQLSTATE[28000] [1045] Access denied for user 'my_app'@'localhost' (using password: YES)
Request URL: /mapster-api/maps/1
Stack Trace:
#0 /var/www/html/mapster-api/vendor/cakephp/cakephp/src/Database/Driver/PDODriverTrait.php(48): PDO->__construct('mysql:host=loca...', 'my_app', 'secret', Array)
#1 /var/www/html/mapster-api/vendor/cakephp/cakephp/src/Database/Driver/Mysql.php(86): Cake\Database\Driver\Mysql->_connect('mysql:host=loca...', Array)
#2 /var/www/html/mapster-api/vendor/cakephp/cakephp/src/Database/Schema/BaseSchema.php(46): Cake\Database\Driver\Mysql->connect()
#3 /var/www/html/mapster-api/vendor/cakephp/cakephp/src/Database/Dialect/MysqlDialectTrait.php(62): Cake\Database\Schema\BaseSchema->__construct(Object(Cake\Database\Driver\Mysql))
#4 /var/www/html/mapster-api/vendor/cakephp/cakephp/src/Database/Schema/Collection.php(52): Cake\Database\Driver\Mysql->schemaDialect()
#5 /var/www/html/mapster-api/vendor/cakephp/cakephp/src/Database/Schema/CachedCollection.php(44): Cake\Database\Schema\Collection->__construct(Object(Cake\Database\Connection))
#6 /var/www/html/mapster-api/vendor/cakephp/cakephp/src/Database/Connection.php(319): Cake\Database\Schema\CachedCollection->__construct(Object(Cake\Database\Connection), true)
#7 /var/www/html/mapster-api/vendor/cakephp/cakephp/src/ORM/Table.php(421): Cake\Database\Connection->schemaCollection()
#8 /var/www/html/mapster-api/vendor/cakephp/cakephp/src/ORM/Query.php(140): Cake\ORM\Table->schema()
#9 /var/www/html/mapster-api/vendor/cakephp/cakephp/src/ORM/Query.php(122): Cake\ORM\Query->addDefaultTypes(Object(App\Model\Table\MapsTable))
#10 /var/www/html/mapster-api/vendor/cakephp/cakephp/src/ORM/Table.php(1145): Cake\ORM\Query->__construct(Object(Cake\Database\Connection), Object(App\Model\Table\MapsTable))
#11 /var/www/html/mapster-api/vendor/cakephp/cakephp/src/ORM/Table.php(880): Cake\ORM\Table->query()
#12 /var/www/html/mapster-api/vendor/cakephp/cakephp/src/ORM/Table.php(1095): Cake\ORM\Table->find('all', Array)
#13 /var/www/html/mapster-api/src/Controller/Component/ModelComponent.php(27): Cake\ORM\Table->get('1')
#14 /var/www/html/mapster-api/src/Controller/AppController.php(40): App\Controller\Component\ModelComponent->getInstance('1')
#15 [internal function]: App\Controller\AppController->view('1')
#16 /var/www/html/mapster-api/vendor/cakephp/cakephp/src/Controller/Controller.php(405): call_user_func_array(Array, Array)
#17 /var/www/html/mapster-api/src/Controller/AppController.php(21): Cake\Controller\Controller->invokeAction()
#18 /var/www/html/mapster-api/vendor/cakephp/cakephp/src/Routing/Dispatcher.php(114): App\Controller\AppController->invokeAction()
#19 /var/www/html/mapster-api/vendor/cakephp/cakephp/src/Routing/Dispatcher.php(87): Cake\Routing\Dispatcher->_invoke(Object(App\Controller\MapsController))
#20 /var/www/html/mapster-api/webroot/index.php(37): Cake\Routing\Dispatcher->dispatch(Object(Cake\Network\Request), Object(Cake\Network\Response))
#21 {main}


2015-05-05 05:49:30 Warning: DebugKit not enabled. You need to either install pdo_sqlite, or define the "debug_kit" connection name.
2015-05-05 05:49:30 Error: [PDOException] SQLSTATE[28000] [1045] Access denied for user 'my_app'@'localhost' (using password: YES)
Request URL: /mapster-api/maps/1
Stack Trace:
#0 /var/www/html/mapster-api/vendor/cakephp/cakephp/src/Database/Driver/PDODriverTrait.php(48): PDO->__construct('mysql:host=loca...', 'my_app', 'secret', Array)
#1 /var/www/html/mapster-api/vendor/cakephp/cakephp/src/Database/Driver/Mysql.php(86): Cake\Database\Driver\Mysql->_connect('mysql:host=loca...', Array)
#2 /var/www/html/mapster-api/vendor/cakephp/cakephp/src/Database/Schema/BaseSchema.php(46): Cake\Database\Driver\Mysql->connect()
#3 /var/www/html/mapster-api/vendor/cakephp/cakephp/src/Database/Dialect/MysqlDialectTrait.php(62): Cake\Database\Schema\BaseSchema->__construct(Object(Cake\Database\Driver\Mysql))
#4 /var/www/html/mapster-api/vendor/cakephp/cakephp/src/Database/Schema/Collection.php(52): Cake\Database\Driver\Mysql->schemaDialect()
#5 /var/www/html/mapster-api/vendor/cakephp/cakephp/src/Database/Schema/CachedCollection.php(44): Cake\Database\Schema\Collection->__construct(Object(Cake\Database\Connection))
#6 /var/www/html/mapster-api/vendor/cakephp/cakephp/src/Database/Connection.php(319): Cake\Database\Schema\CachedCollection->__construct(Object(Cake\Database\Connection), true)
#7 /var/www/html/mapster-api/vendor/cakephp/cakephp/src/ORM/Table.php(421): Cake\Database\Connection->schemaCollection()
#8 /var/www/html/mapster-api/vendor/cakephp/cakephp/src/ORM/Query.php(140): Cake\ORM\Table->schema()
#9 /var/www/html/mapster-api/vendor/cakephp/cakephp/src/ORM/Query.php(122): Cake\ORM\Query->addDefaultTypes(Object(App\Model\Table\MapsTable))
#10 /var/www/html/mapster-api/vendor/cakephp/cakephp/src/ORM/Table.php(1145): Cake\ORM\Query->__construct(Object(Cake\Database\Connection), Object(App\Model\Table\MapsTable))
#11 /var/www/html/mapster-api/vendor/cakephp/cakephp/src/ORM/Table.php(880): Cake\ORM\Table->query()
#12 /var/www/html/mapster-api/vendor/cakephp/cakephp/src/ORM/Table.php(1095): Cake\ORM\Table->find('all', Array)
#13 /var/www/html/mapster-api/src/Controller/Component/ModelComponent.php(27): Cake\ORM\Table->get('1')
#14 /var/www/html/mapster-api/src/Controller/AppController.php(40): App\Controller\Component\ModelComponent->getInstance('1')
#15 [internal function]: App\Controller\AppController->view('1')
#16 /var/www/html/mapster-api/vendor/cakephp/cakephp/src/Controller/Controller.php(405): call_user_func_array(Array, Array)
#17 /var/www/html/mapster-api/src/Controller/AppController.php(21): Cake\Controller\Controller->invokeAction()
#18 /var/www/html/mapster-api/vendor/cakephp/cakephp/src/Routing/Dispatcher.php(114): App\Controller\AppController->invokeAction()
#19 /var/www/html/mapster-api/vendor/cakephp/cakephp/src/Routing/Dispatcher.php(87): Cake\Routing\Dispatcher->_invoke(Object(App\Controller\MapsController))
#20 /var/www/html/mapster-api/webroot/index.php(37): Cake\Routing\Dispatcher->dispatch(Object(Cake\Network\Request), Object(Cake\Network\Response))
#21 {main}


2015-05-05 05:50:08 Warning: DebugKit not enabled. You need to either install pdo_sqlite, or define the "debug_kit" connection name.
2015-05-05 05:50:08 Error: [PDOException] SQLSTATE[28000] [1045] Access denied for user 'root'@'localhost' (using password: YES)
Request URL: /mapster-api/maps/1
Stack Trace:
#0 /var/www/html/mapster-api/vendor/cakephp/cakephp/src/Database/Driver/PDODriverTrait.php(48): PDO->__construct('mysql:host=loca...', 'root', 'password', Array)
#1 /var/www/html/mapster-api/vendor/cakephp/cakephp/src/Database/Driver/Mysql.php(86): Cake\Database\Driver\Mysql->_connect('mysql:host=loca...', Array)
#2 /var/www/html/mapster-api/vendor/cakephp/cakephp/src/Database/Schema/BaseSchema.php(46): Cake\Database\Driver\Mysql->connect()
#3 /var/www/html/mapster-api/vendor/cakephp/cakephp/src/Database/Dialect/MysqlDialectTrait.php(62): Cake\Database\Schema\BaseSchema->__construct(Object(Cake\Database\Driver\Mysql))
#4 /var/www/html/mapster-api/vendor/cakephp/cakephp/src/Database/Schema/Collection.php(52): Cake\Database\Driver\Mysql->schemaDialect()
#5 /var/www/html/mapster-api/vendor/cakephp/cakephp/src/Database/Schema/CachedCollection.php(44): Cake\Database\Schema\Collection->__construct(Object(Cake\Database\Connection))
#6 /var/www/html/mapster-api/vendor/cakephp/cakephp/src/Database/Connection.php(319): Cake\Database\Schema\CachedCollection->__construct(Object(Cake\Database\Connection), true)
#7 /var/www/html/mapster-api/vendor/cakephp/cakephp/src/ORM/Table.php(421): Cake\Database\Connection->schemaCollection()
#8 /var/www/html/mapster-api/vendor/cakephp/cakephp/src/ORM/Query.php(140): Cake\ORM\Table->schema()
#9 /var/www/html/mapster-api/vendor/cakephp/cakephp/src/ORM/Query.php(122): Cake\ORM\Query->addDefaultTypes(Object(App\Model\Table\MapsTable))
#10 /var/www/html/mapster-api/vendor/cakephp/cakephp/src/ORM/Table.php(1145): Cake\ORM\Query->__construct(Object(Cake\Database\Connection), Object(App\Model\Table\MapsTable))
#11 /var/www/html/mapster-api/vendor/cakephp/cakephp/src/ORM/Table.php(880): Cake\ORM\Table->query()
#12 /var/www/html/mapster-api/vendor/cakephp/cakephp/src/ORM/Table.php(1095): Cake\ORM\Table->find('all', Array)
#13 /var/www/html/mapster-api/src/Controller/Component/ModelComponent.php(27): Cake\ORM\Table->get('1')
#14 /var/www/html/mapster-api/src/Controller/AppController.php(40): App\Controller\Component\ModelComponent->getInstance('1')
#15 [internal function]: App\Controller\AppController->view('1')
#16 /var/www/html/mapster-api/vendor/cakephp/cakephp/src/Controller/Controller.php(405): call_user_func_array(Array, Array)
#17 /var/www/html/mapster-api/src/Controller/AppController.php(21): Cake\Controller\Controller->invokeAction()
#18 /var/www/html/mapster-api/vendor/cakephp/cakephp/src/Routing/Dispatcher.php(114): App\Controller\AppController->invokeAction()
#19 /var/www/html/mapster-api/vendor/cakephp/cakephp/src/Routing/Dispatcher.php(87): Cake\Routing\Dispatcher->_invoke(Object(App\Controller\MapsController))
#20 /var/www/html/mapster-api/webroot/index.php(37): Cake\Routing\Dispatcher->dispatch(Object(Cake\Network\Request), Object(Cake\Network\Response))
#21 {main}


2015-05-05 05:50:14 Warning: DebugKit not enabled. You need to either install pdo_sqlite, or define the "debug_kit" connection name.
2015-05-05 05:50:18 Warning: DebugKit not enabled. You need to either install pdo_sqlite, or define the "debug_kit" connection name.
2015-05-05 05:50:18 Error: [Cake\Controller\Exception\MissingActionException] Action MapsController::1() could not be found, or is not accessible.
Exception Attributes: array (
  'controller' => 'MapsController',
  'action' => '1',
  'prefix' => '',
  'plugin' => NULL,
)
Request URL: /mapster-api/maps/1/geo_json
Stack Trace:
#0 /var/www/html/mapster-api/src/Controller/AppController.php(21): Cake\Controller\Controller->invokeAction()
#1 /var/www/html/mapster-api/vendor/cakephp/cakephp/src/Routing/Dispatcher.php(114): App\Controller\AppController->invokeAction()
#2 /var/www/html/mapster-api/vendor/cakephp/cakephp/src/Routing/Dispatcher.php(87): Cake\Routing\Dispatcher->_invoke(Object(App\Controller\MapsController))
#3 /var/www/html/mapster-api/webroot/index.php(37): Cake\Routing\Dispatcher->dispatch(Object(Cake\Network\Request), Object(Cake\Network\Response))
#4 {main}


2015-05-05 05:51:35 Warning: DebugKit not enabled. You need to either install pdo_sqlite, or define the "debug_kit" connection name.
2015-05-05 05:51:35 Error: [Cake\Controller\Exception\MissingActionException] Action MapsController::1() could not be found, or is not accessible.
Exception Attributes: array (
  'controller' => 'MapsController',
  'action' => '1',
  'prefix' => '',
  'plugin' => NULL,
)
Request URL: /mapster-api/maps/1/geo_json
Stack Trace:
#0 /var/www/html/mapster-api/src/Controller/AppController.php(21): Cake\Controller\Controller->invokeAction()
#1 /var/www/html/mapster-api/vendor/cakephp/cakephp/src/Routing/Dispatcher.php(114): App\Controller\AppController->invokeAction()
#2 /var/www/html/mapster-api/vendor/cakephp/cakephp/src/Routing/Dispatcher.php(87): Cake\Routing\Dispatcher->_invoke(Object(App\Controller\MapsController))
#3 /var/www/html/mapster-api/webroot/index.php(37): Cake\Routing\Dispatcher->dispatch(Object(Cake\Network\Request), Object(Cake\Network\Response))
#4 {main}


2015-05-05 05:51:36 Warning: DebugKit not enabled. You need to either install pdo_sqlite, or define the "debug_kit" connection name.
2015-05-05 05:51:38 Warning: DebugKit not enabled. You need to either install pdo_sqlite, or define the "debug_kit" connection name.
2015-05-05 05:51:38 Error: [Cake\Controller\Exception\MissingActionException] Action MapsController::1() could not be found, or is not accessible.
Exception Attributes: array (
  'controller' => 'MapsController',
  'action' => '1',
  'prefix' => '',
  'plugin' => NULL,
)
Request URL: /mapster-api/maps/1/geo_json
Stack Trace:
#0 /var/www/html/mapster-api/src/Controller/AppController.php(21): Cake\Controller\Controller->invokeAction()
#1 /var/www/html/mapster-api/vendor/cakephp/cakephp/src/Routing/Dispatcher.php(114): App\Controller\AppController->invokeAction()
#2 /var/www/html/mapster-api/vendor/cakephp/cakephp/src/Routing/Dispatcher.php(87): Cake\Routing\Dispatcher->_invoke(Object(App\Controller\MapsController))
#3 /var/www/html/mapster-api/webroot/index.php(37): Cake\Routing\Dispatcher->dispatch(Object(Cake\Network\Request), Object(Cake\Network\Response))
#4 {main}


2015-05-05 05:53:34 Warning: DebugKit not enabled. You need to either install pdo_sqlite, or define the "debug_kit" connection name.
2015-05-05 05:53:34 Error: [Cake\Controller\Exception\MissingActionException] Action MapsController::geoJson() could not be found, or is not accessible.
Exception Attributes: array (
  'controller' => 'MapsController',
  'action' => 'geoJson',
  'prefix' => '',
  'plugin' => NULL,
)
Request URL: /mapster-api/maps/1/geo_json
Stack Trace:
#0 /var/www/html/mapster-api/src/Controller/AppController.php(21): Cake\Controller\Controller->invokeAction()
#1 /var/www/html/mapster-api/vendor/cakephp/cakephp/src/Routing/Dispatcher.php(114): App\Controller\AppController->invokeAction()
#2 /var/www/html/mapster-api/vendor/cakephp/cakephp/src/Routing/Dispatcher.php(87): Cake\Routing\Dispatcher->_invoke(Object(App\Controller\MapsController))
#3 /var/www/html/mapster-api/webroot/index.php(37): Cake\Routing\Dispatcher->dispatch(Object(Cake\Network\Request), Object(Cake\Network\Response))
#4 {main}


2015-05-05 05:53:42 Warning: DebugKit not enabled. You need to either install pdo_sqlite, or define the "debug_kit" connection name.
2015-05-05 05:53:42 Error: [Cake\View\Exception\MissingTemplateException] Template file "Maps/json/geo_json.ctp" is missing.
Exception Attributes: array (
  'file' => 'Maps/json/geo_json.ctp',
)
Request URL: /mapster-api/maps/1/geo_json
Stack Trace:
#0 /var/www/html/mapster-api/vendor/cakephp/cakephp/src/View/JsonView.php(127): Cake\View\View->_getViewFileName(NULL)
#1 /var/www/html/mapster-api/vendor/cakephp/cakephp/src/Controller/Controller.php(576): Cake\View\JsonView->render(NULL, NULL)
#2 /var/www/html/mapster-api/vendor/cakephp/cakephp/src/Routing/Dispatcher.php(120): Cake\Controller\Controller->render()
#3 /var/www/html/mapster-api/vendor/cakephp/cakephp/src/Routing/Dispatcher.php(87): Cake\Routing\Dispatcher->_invoke(Object(App\Controller\MapsController))
#4 /var/www/html/mapster-api/webroot/index.php(37): Cake\Routing\Dispatcher->dispatch(Object(Cake\Network\Request), Object(Cake\Network\Response))
#5 {main}


2015-05-05 05:53:54 Warning: DebugKit not enabled. You need to either install pdo_sqlite, or define the "debug_kit" connection name.
2015-05-05 05:54:02 Warning: DebugKit not enabled. You need to either install pdo_sqlite, or define the "debug_kit" connection name.
2015-05-05 05:54:02 Error: [Cake\Controller\Exception\MissingActionException] Action MapsController::1() could not be found, or is not accessible.
Exception Attributes: array (
  'controller' => 'MapsController',
  'action' => '1',
  'prefix' => '',
  'plugin' => NULL,
)
Request URL: /mapster-api/maps/1/geo_json
Stack Trace:
#0 /var/www/html/mapster-api/src/Controller/AppController.php(21): Cake\Controller\Controller->invokeAction()
#1 /var/www/html/mapster-api/vendor/cakephp/cakephp/src/Routing/Dispatcher.php(114): App\Controller\AppController->invokeAction()
#2 /var/www/html/mapster-api/vendor/cakephp/cakephp/src/Routing/Dispatcher.php(87): Cake\Routing\Dispatcher->_invoke(Object(App\Controller\MapsController))
#3 /var/www/html/mapster-api/webroot/index.php(37): Cake\Routing\Dispatcher->dispatch(Object(Cake\Network\Request), Object(Cake\Network\Response))
#4 {main}


2015-05-05 05:54:05 Warning: DebugKit not enabled. You need to either install pdo_sqlite, or define the "debug_kit" connection name.
2015-05-05 05:54:26 Warning: DebugKit not enabled. You need to either install pdo_sqlite, or define the "debug_kit" connection name.
2015-05-05 05:54:26 Error: Fatal Error (1): Call to a member function find() on a non-object in [/var/www/html/mapster-api/src/Controller/MapsController.php, line 9]
Trace:
Cake\Error\BaseErrorHandler::handleFatalError() - CORE/src/Error/BaseErrorHandler.php, line 191
Cake\Error\BaseErrorHandler::Cake\Error\{closure}() - CORE/src/Error/BaseErrorHandler.php, line 90
[main] - [internal], line ??



2015-05-05 05:54:26 Error: [Cake\Error\FatalErrorException] Call to a member function find() on a non-object
Request URL: /mapster-api/maps/1/geo_json
Stack Trace:
#0 /var/www/html/mapster-api/vendor/cakephp/cakephp/src/Error/BaseErrorHandler.php(90): Cake\Error\BaseErrorHandler->handleFatalError(1, 'Call to a membe...', '/var/www/html/m...', 9)
#1 [internal function]: Cake\Error\BaseErrorHandler->Cake\Error\{closure}()
#2 {main}


2015-05-05 05:54:32 Warning: DebugKit not enabled. You need to either install pdo_sqlite, or define the "debug_kit" connection name.
2015-05-05 05:54:32 Error: Fatal Error (1): Call to a member function first() on a non-object in [/var/www/html/mapster-api/src/Controller/MapsController.php, line 9]
Trace:
Cake\Error\BaseErrorHandler::handleFatalError() - CORE/src/Error/BaseErrorHandler.php, line 191
Cake\Error\BaseErrorHandler::Cake\Error\{closure}() - CORE/src/Error/BaseErrorHandler.php, line 90
[main] - [internal], line ??



2015-05-05 05:54:32 Error: [Cake\Error\FatalErrorException] Call to a member function first() on a non-object
Request URL: /mapster-api/maps/1/geo_json
Stack Trace:
#0 /var/www/html/mapster-api/vendor/cakephp/cakephp/src/Error/BaseErrorHandler.php(90): Cake\Error\BaseErrorHandler->handleFatalError(1, 'Call to a membe...', '/var/www/html/m...', 9)
#1 [internal function]: Cake\Error\BaseErrorHandler->Cake\Error\{closure}()
#2 {main}


2015-05-05 05:54:36 Warning: DebugKit not enabled. You need to either install pdo_sqlite, or define the "debug_kit" connection name.
2015-05-05 05:54:36 Error: [BadMethodCallException] Unknown method "first"
Request URL: /mapster-api/maps/1/geo_json
Stack Trace:
#0 /var/www/html/mapster-api/src/Controller/MapsController.php(9): Cake\ORM\Table->__call('first', Array)
#1 /var/www/html/mapster-api/src/Controller/MapsController.php(9): App\Model\Table\MapsTable->first('1')
#2 [internal function]: App\Controller\MapsController->geoJson('1')
#3 /var/www/html/mapster-api/vendor/cakephp/cakephp/src/Controller/Controller.php(405): call_user_func_array(Array, Array)
#4 /var/www/html/mapster-api/src/Controller/AppController.php(21): Cake\Controller\Controller->invokeAction()
#5 /var/www/html/mapster-api/vendor/cakephp/cakephp/src/Routing/Dispatcher.php(114): App\Controller\AppController->invokeAction()
#6 /var/www/html/mapster-api/vendor/cakephp/cakephp/src/Routing/Dispatcher.php(87): Cake\Routing\Dispatcher->_invoke(Object(App\Controller\MapsController))
#7 /var/www/html/mapster-api/webroot/index.php(37): Cake\Routing\Dispatcher->dispatch(Object(Cake\Network\Request), Object(Cake\Network\Response))
#8 {main}


2015-05-05 05:54:42 Warning: DebugKit not enabled. You need to either install pdo_sqlite, or define the "debug_kit" connection name.
2015-05-05 05:54:42 Error: [BadMethodCallException] Unknown finder method "1"
Request URL: /mapster-api/maps/1/geo_json
Stack Trace:
#0 /var/www/html/mapster-api/vendor/cakephp/cakephp/src/ORM/Table.php(882): Cake\ORM\Table->callFinder('1', Object(Cake\ORM\Query), Array)
#1 /var/www/html/mapster-api/src/Controller/MapsController.php(9): Cake\ORM\Table->find('1')
#2 [internal function]: App\Controller\MapsController->geoJson('1')
#3 /var/www/html/mapster-api/vendor/cakephp/cakephp/src/Controller/Controller.php(405): call_user_func_array(Array, Array)
#4 /var/www/html/mapster-api/src/Controller/AppController.php(21): Cake\Controller\Controller->invokeAction()
#5 /var/www/html/mapster-api/vendor/cakephp/cakephp/src/Routing/Dispatcher.php(114): App\Controller\AppController->invokeAction()
#6 /var/www/html/mapster-api/vendor/cakephp/cakephp/src/Routing/Dispatcher.php(87): Cake\Routing\Dispatcher->_invoke(Object(App\Controller\MapsController))
#7 /var/www/html/mapster-api/webroot/index.php(37): Cake\Routing\Dispatcher->dispatch(Object(Cake\Network\Request), Object(Cake\Network\Response))
#8 {main}


2015-05-05 05:54:49 Warning: DebugKit not enabled. You need to either install pdo_sqlite, or define the "debug_kit" connection name.
2015-05-05 05:54:49 Warning: Warning (4096): Argument 3 passed to Cake\ORM\Table::callFinder() must be of the type array, string given, called in /var/www/html/mapster-api/vendor/cakephp/cakephp/src/ORM/Table.php on line 882 and defined in [/var/www/html/mapster-api/vendor/cakephp/cakephp/src/ORM/Table.php, line 1736]
Trace:
Cake\Error\BaseErrorHandler::handleError() - CORE/src/Error/BaseErrorHandler.php, line 138
Cake\ORM\Table::callFinder() - CORE/src/ORM/Table.php, line 1736
Cake\ORM\Table::find() - CORE/src/ORM/Table.php, line 882
App\Controller\MapsController::geoJson() - APP/Controller/MapsController.php, line 9
Cake\Controller\Controller::invokeAction() - CORE/src/Controller/Controller.php, line 405
App\Controller\AppController::invokeAction() - APP/Controller/AppController.php, line 21
Cake\Routing\Dispatcher::_invoke() - CORE/src/Routing/Dispatcher.php, line 114
Cake\Routing\Dispatcher::dispatch() - CORE/src/Routing/Dispatcher.php, line 87
[main] - ROOT/webroot/index.php, line 37



2015-05-05 05:54:49 Warning: Warning (4096): Argument 1 passed to Cake\ORM\Query::applyOptions() must be of the type array, string given, called in /var/www/html/mapster-api/vendor/cakephp/cakephp/src/ORM/Table.php on line 1738 and defined in [/var/www/html/mapster-api/vendor/cakephp/cakephp/src/ORM/Query.php, line 433]
Trace:
Cake\Error\BaseErrorHandler::handleError() - CORE/src/Error/BaseErrorHandler.php, line 138
Cake\ORM\Query::applyOptions() - CORE/src/ORM/Query.php, line 433
Cake\ORM\Table::callFinder() - CORE/src/ORM/Table.php, line 1738
Cake\ORM\Table::find() - CORE/src/ORM/Table.php, line 882
App\Controller\MapsController::geoJson() - APP/Controller/MapsController.php, line 9
Cake\Controller\Controller::invokeAction() - CORE/src/Controller/Controller.php, line 405
App\Controller\AppController::invokeAction() - APP/Controller/AppController.php, line 21
Cake\Routing\Dispatcher::_invoke() - CORE/src/Routing/Dispatcher.php, line 114
Cake\Routing\Dispatcher::dispatch() - CORE/src/Routing/Dispatcher.php, line 87
[main] - ROOT/webroot/index.php, line 37



2015-05-05 05:54:49 Warning: Warning (2): ksort() expects parameter 1 to be array, string given in [/var/www/html/mapster-api/vendor/cakephp/cakephp/src/ORM/Query.php, line 448]
Trace:
Cake\Error\BaseErrorHandler::handleError() - CORE/src/Error/BaseErrorHandler.php, line 138
ksort - [internal], line ??
Cake\ORM\Query::applyOptions() - CORE/src/ORM/Query.php, line 448
Cake\ORM\Table::callFinder() - CORE/src/ORM/Table.php, line 1738
Cake\ORM\Table::find() - CORE/src/ORM/Table.php, line 882
App\Controller\MapsController::geoJson() - APP/Controller/MapsController.php, line 9
Cake\Controller\Controller::invokeAction() - CORE/src/Controller/Controller.php, line 405
App\Controller\AppController::invokeAction() - APP/Controller/AppController.php, line 21
Cake\Routing\Dispatcher::_invoke() - CORE/src/Routing/Dispatcher.php, line 114
Cake\Routing\Dispatcher::dispatch() - CORE/src/Routing/Dispatcher.php, line 87
[main] - ROOT/webroot/index.php, line 37



2015-05-05 05:54:49 Warning: Warning (2): Invalid argument supplied for foreach() in [/var/www/html/mapster-api/vendor/cakephp/cakephp/src/ORM/Query.php, line 449]
Trace:
Cake\Error\BaseErrorHandler::handleError() - CORE/src/Error/BaseErrorHandler.php, line 138
Cake\ORM\Query::applyOptions() - CORE/src/ORM/Query.php, line 449
Cake\ORM\Table::callFinder() - CORE/src/ORM/Table.php, line 1738
Cake\ORM\Table::find() - CORE/src/ORM/Table.php, line 882
App\Controller\MapsController::geoJson() - APP/Controller/MapsController.php, line 9
Cake\Controller\Controller::invokeAction() - CORE/src/Controller/Controller.php, line 405
App\Controller\AppController::invokeAction() - APP/Controller/AppController.php, line 21
Cake\Routing\Dispatcher::_invoke() - CORE/src/Routing/Dispatcher.php, line 114
Cake\Routing\Dispatcher::dispatch() - CORE/src/Routing/Dispatcher.php, line 87
[main] - ROOT/webroot/index.php, line 37



2015-05-05 05:54:49 Error: [BadMethodCallException] Unknown finder method "first"
Request URL: /mapster-api/maps/1/geo_json
Stack Trace:
#0 /var/www/html/mapster-api/vendor/cakephp/cakephp/src/ORM/Table.php(882): Cake\ORM\Table->callFinder('first', Object(Cake\ORM\Query), '1')
#1 /var/www/html/mapster-api/src/Controller/MapsController.php(9): Cake\ORM\Table->find('first', '1')
#2 [internal function]: App\Controller\MapsController->geoJson('1')
#3 /var/www/html/mapster-api/vendor/cakephp/cakephp/src/Controller/Controller.php(405): call_user_func_array(Array, Array)
#4 /var/www/html/mapster-api/src/Controller/AppController.php(21): Cake\Controller\Controller->invokeAction()
#5 /var/www/html/mapster-api/vendor/cakephp/cakephp/src/Routing/Dispatcher.php(114): App\Controller\AppController->invokeAction()
#6 /var/www/html/mapster-api/vendor/cakephp/cakephp/src/Routing/Dispatcher.php(87): Cake\Routing\Dispatcher->_invoke(Object(App\Controller\MapsController))
#7 /var/www/html/mapster-api/webroot/index.php(37): Cake\Routing\Dispatcher->dispatch(Object(Cake\Network\Request), Object(Cake\Network\Response))
#8 {main}


2015-05-05 05:55:22 Warning: DebugKit not enabled. You need to either install pdo_sqlite, or define the "debug_kit" connection name.
2015-05-05 05:56:57 Warning: DebugKit not enabled. You need to either install pdo_sqlite, or define the "debug_kit" connection name.
2015-05-05 05:56:57 Error: Fatal Error (4): syntax error, unexpected ':', expecting ']' in [/var/www/html/mapster-api/src/Controller/MapsController.php, line 11]
Trace:
Cake\Error\BaseErrorHandler::handleFatalError() - CORE/src/Error/BaseErrorHandler.php, line 191
Cake\Error\BaseErrorHandler::Cake\Error\{closure}() - CORE/src/Error/BaseErrorHandler.php, line 90
[main] - [internal], line ??



2015-05-05 05:56:57 Error: [Cake\Error\FatalErrorException] syntax error, unexpected ':', expecting ']'
Request URL: /mapster-api/maps/1/geo_json
Stack Trace:
#0 /var/www/html/mapster-api/vendor/cakephp/cakephp/src/Error/BaseErrorHandler.php(90): Cake\Error\BaseErrorHandler->handleFatalError(4, 'syntax error, u...', '/var/www/html/m...', 11)
#1 [internal function]: Cake\Error\BaseErrorHandler->Cake\Error\{closure}()
#2 {main}


2015-05-05 05:57:08 Warning: DebugKit not enabled. You need to either install pdo_sqlite, or define the "debug_kit" connection name.
2015-05-05 05:57:20 Warning: DebugKit not enabled. You need to either install pdo_sqlite, or define the "debug_kit" connection name.
2015-05-05 05:59:36 Warning: DebugKit not enabled. You need to either install pdo_sqlite, or define the "debug_kit" connection name.
2015-05-05 05:59:56 Warning: DebugKit not enabled. You need to either install pdo_sqlite, or define the "debug_kit" connection name.
2015-05-05 06:00:07 Warning: DebugKit not enabled. You need to either install pdo_sqlite, or define the "debug_kit" connection name.
2015-05-05 06:00:14 Warning: DebugKit not enabled. You need to either install pdo_sqlite, or define the "debug_kit" connection name.
2015-05-05 06:01:07 Warning: DebugKit not enabled. You need to either install pdo_sqlite, or define the "debug_kit" connection name.
2015-05-05 06:01:46 Warning: DebugKit not enabled. You need to either install pdo_sqlite, or define the "debug_kit" connection name.
2015-05-05 06:01:52 Warning: DebugKit not enabled. You need to either install pdo_sqlite, or define the "debug_kit" connection name.
2015-05-05 06:03:21 Warning: DebugKit not enabled. You need to either install pdo_sqlite, or define the "debug_kit" connection name.
2015-05-05 06:05:53 Warning: DebugKit not enabled. You need to either install pdo_sqlite, or define the "debug_kit" connection name.
2015-05-05 06:09:05 Warning: DebugKit not enabled. You need to either install pdo_sqlite, or define the "debug_kit" connection name.
2015-05-05 06:10:29 Warning: DebugKit not enabled. You need to either install pdo_sqlite, or define the "debug_kit" connection name.
2015-05-05 06:13:49 Warning: DebugKit not enabled. You need to either install pdo_sqlite, or define the "debug_kit" connection name.
2015-05-05 06:15:42 Warning: DebugKit not enabled. You need to either install pdo_sqlite, or define the "debug_kit" connection name.
2015-05-05 06:16:30 Warning: DebugKit not enabled. You need to either install pdo_sqlite, or define the "debug_kit" connection name.
2015-05-05 06:18:35 Warning: DebugKit not enabled. You need to either install pdo_sqlite, or define the "debug_kit" connection name.
